Flow report for karabas_128
Mon May 15 12:00:51 2017
Quartus II 64-Bit Version 13.0.1 Build 232 06/12/2013 Service Pack 1 SJ Web Edition


---------------------
; Table of Contents ;
---------------------
  1. Legal Notice
  2. Flow Summary
  3. Flow Settings
  4. Flow Non-Default Global Settings
  5. Flow Elapsed Time
  6. Flow OS Summary
  7. Flow Log
  8. Flow Messages
  9. Flow Suppressed Messages



----------------
; Legal Notice ;
----------------
Copyright (C) 1991-2013 Altera Corporation
Your use of Altera Corporation's design tools, logic functions 
and other software and tools, and its AMPP partner logic 
functions, and any output files from any of the foregoing 
(including device programming or simulation files), and any 
associated documentation or information are expressly subject 
to the terms and conditions of the Altera Program License 
Subscription Agreement, Altera MegaCore Function License 
Agreement, or other applicable license agreement, including, 
without limitation, that your use is for the sole purpose of 
programming logic devices manufactured by Altera and sold by 
Altera or its authorized distributors.  Please refer to the 
applicable agreement for further details.



+-----------------------------------------------------------------------------+
; Flow Summary                                                                ;
+---------------------------+-------------------------------------------------+
; Flow Status               ; Successful - Mon May 15 12:00:51 2017           ;
; Quartus II 64-Bit Version ; 13.0.1 Build 232 06/12/2013 SP 1 SJ Web Edition ;
; Revision Name             ; karabas_128                                     ;
; Top-level Entity Name     ; karabas_128                                     ;
; Family                    ; MAX7000S                                        ;
; Device                    ; EPM7128STC100-15                                ;
; Timing Models             ; Final                                           ;
; Total macrocells          ; 114 / 128 ( 89 % )                              ;
; Total pins                ; 81 / 84 ( 96 % )                                ;
+---------------------------+-------------------------------------------------+


+-----------------------------------------+
; Flow Settings                           ;
+-------------------+---------------------+
; Option            ; Setting             ;
+-------------------+---------------------+
; Start date & time ; 05/15/2017 12:00:12 ;
; Main task         ; Compilation         ;
; Revision Name     ; karabas_128         ;
+-------------------+---------------------+


+----------------------------------------------------------------------------------------------------------------+
; Flow Non-Default Global Settings                                                                               ;
+----------------------------------------+------------------------+---------------+-------------+----------------+
; Assignment Name                        ; Value                  ; Default Value ; Entity Name ; Section Id     ;
+----------------------------------------+------------------------+---------------+-------------+----------------+
; APEX20K_OPTIMIZATION_TECHNIQUE         ; Area                   ; Balanced      ; --          ; --             ;
; AUTO_RESOURCE_SHARING                  ; On                     ; Off           ; --          ; --             ;
; AUTO_TURBO_BIT                         ; Auto                   ; On            ; --          ; --             ;
; BLOCK_DESIGN_NAMING                    ; MaxPlusII              ; Auto          ; --          ; --             ;
; COMPILER_SIGNATURE_ID                  ; 0.149483881200583      ; --            ; --          ; --             ;
; CYCLONE_OPTIMIZATION_TECHNIQUE         ; Area                   ; Balanced      ; --          ; --             ;
; EDA_OUTPUT_DATA_FORMAT                 ; Vhdl                   ; --            ; --          ; eda_simulation ;
; EDA_SIMULATION_TOOL                    ; ModelSim-Altera (VHDL) ; <None>        ; --          ; --             ;
; ENABLE_DRC_SETTINGS                    ; On                     ; Off           ; --          ; --             ;
; FMAX_REQUIREMENT                       ; 14 MHz                 ; --            ; --          ; --             ;
; MAX7000_OPTIMIZATION_TECHNIQUE         ; Balanced               ; Speed         ; --          ; --             ;
; MAX7000_PARALLEL_EXPANDER_CHAIN_LENGTH ; 2                      ; 4             ; --          ; --             ;
; MAXII_OPTIMIZATION_TECHNIQUE           ; Area                   ; Balanced      ; --          ; --             ;
; MAX_CORE_JUNCTION_TEMP                 ; 85                     ; --            ; --          ; --             ;
; MIN_CORE_JUNCTION_TEMP                 ; 0                      ; --            ; --          ; --             ;
; OPTIMIZE_HOLD_TIMING                   ; Off                    ; --            ; --          ; --             ;
; PROJECT_OUTPUT_DIRECTORY               ; output_files           ; --            ; --          ; --             ;
; STATE_MACHINE_PROCESSING               ; Minimal Bits           ; Auto          ; --          ; --             ;
; STRATIXII_OPTIMIZATION_TECHNIQUE       ; Area                   ; Balanced      ; --          ; --             ;
; STRATIX_OPTIMIZATION_TECHNIQUE         ; Area                   ; Balanced      ; --          ; --             ;
; SUPPRESS_REG_MINIMIZATION_MSG          ; On                     ; Off           ; --          ; --             ;
+----------------------------------------+------------------------+---------------+-------------+----------------+


+-------------------------------------------------------------------------------------------------------------------------------+
; Flow Elapsed Time                                                                                                             ;
+---------------------------+--------------+-------------------------+---------------------+------------------------------------+
; Module Name               ; Elapsed Time ; Average Processors Used ; Peak Virtual Memory ; Total CPU Time (on all processors) ;
+---------------------------+--------------+-------------------------+---------------------+------------------------------------+
; Analysis & Synthesis      ; 00:00:05     ; 1.0                     ; 641 MB              ; 00:00:04                           ;
; Fitter                    ; 00:00:02     ; 1.0                     ; 467 MB              ; 00:00:02                           ;
; Assembler                 ; 00:00:02     ; 1.0                     ; 517 MB              ; 00:00:01                           ;
; TimeQuest Timing Analyzer ; 00:00:02     ; 1.0                     ; 483 MB              ; 00:00:01                           ;
; Design Assistant          ; 00:00:02     ; 1.0                     ; 705 MB              ; 00:00:01                           ;
; EDA Netlist Writer        ; 00:00:02     ; 1.0                     ; 764 MB              ; 00:00:01                           ;
; Total                     ; 00:00:15     ; --                      ; --                  ; 00:00:10                           ;
+---------------------------+--------------+-------------------------+---------------------+------------------------------------+


+-----------------------------------------------------------------------------------------+
; Flow OS Summary                                                                         ;
+---------------------------+------------------+------------+------------+----------------+
; Module Name               ; Machine Hostname ; OS Name    ; OS Version ; Processor type ;
+---------------------------+------------------+------------+------------+----------------+
; Analysis & Synthesis      ; mint-mini        ; Linux Mint ; 18         ; x86_64         ;
; Fitter                    ; mint-mini        ; Linux Mint ; 18         ; x86_64         ;
; Assembler                 ; mint-mini        ; Linux Mint ; 18         ; x86_64         ;
; TimeQuest Timing Analyzer ; mint-mini        ; Linux Mint ; 18         ; x86_64         ;
; Design Assistant          ; mint-mini        ; Linux Mint ; 18         ; x86_64         ;
; EDA Netlist Writer        ; mint-mini        ; Linux Mint ; 18         ; x86_64         ;
+---------------------------+------------------+------------+------------+----------------+


------------
; Flow Log ;
------------
quartus_map --read_settings_files=on --write_settings_files=off karabas_128 -c karabas_128
quartus_fit --read_settings_files=off --write_settings_files=off karabas_128 -c karabas_128
quartus_asm --read_settings_files=off --write_settings_files=off karabas_128 -c karabas_128
quartus_sta karabas_128 -c karabas_128
quartus_drc --read_settings_files=off --write_settings_files=off karabas_128 -c karabas_128
quartus_eda --read_settings_files=off --write_settings_files=off karabas_128 -c karabas_128



